<?xml version="1.0" encoding="utf-8"?><testsuites name="pytest tests"><testsuite name="pytest" errors="0" failures="0" skipped="0" tests="16" time="3.537" timestamp="2026-06-01T11:10:50.265526+00:00" hostname="agent-env-48206dcc-4ba9-443b-8b55-402d55de0fd1"><testcase classname="backend.tests.test_iteration9.TestAdminTiersAuth" name="test_get_admin_tiers_no_auth" time="0.284" /><testcase classname="backend.tests.test_iteration9.TestAdminTiersAuth" name="test_get_admin_tiers_user_forbidden" time="0.118" /><testcase classname="backend.tests.test_iteration9.TestAdminTiersAuth" name="test_get_admin_tiers_admin_ok" time="0.105" /><testcase classname="backend.tests.test_iteration9.TestAdminTiersUpdate" name="test_update_local_tier" time="0.201" /><testcase classname="backend.tests.test_iteration9.TestAdminTiersValidation" name="test_amount_too_low" time="0.114" /><testcase classname="backend.tests.test_iteration9.TestAdminTiersValidation" name="test_amount_too_high" time="0.155" /><testcase classname="backend.tests.test_iteration9.TestAdminTiersValidation" name="test_votes_too_low" time="0.110" /><testcase classname="backend.tests.test_iteration9.TestAdminTiersValidation" name="test_unknown_tier_key" time="0.110" /><testcase classname="backend.tests.test_iteration9.TestAdminTiersReset" name="test_reset_local" time="0.347" /><testcase classname="backend.tests.test_iteration9.TestPublicTiersHonorsOverrides" name="test_public_tiers_reflects_override" time="0.311" /><testcase classname="backend.tests.test_iteration9.TestConcurrentOverrides" name="test_two_tiers_overridden_simultaneously" time="0.845" /><testcase classname="backend.tests.test_iteration9.TestAuthSessionRace" name="test_invalid_session_returns_401_not_500" time="0.192" /><testcase classname="backend.tests.test_iteration9.TestZipDownload" name="test_zip_endpoint" time="0.128" /><testcase classname="backend.tests.test_iteration9.TestRegression" name="test_posts_public" time="0.287" /><testcase classname="backend.tests.test_iteration9.TestRegression" name="test_auth_me" time="0.090" /><testcase classname="backend.tests.test_iteration9.TestRegression" name="test_root" time="0.099" /></testsuite></testsuites>