<?xml version="1.0" encoding="utf-8"?><testsuites name="pytest tests"><testsuite name="pytest" errors="0" failures="0" skipped="0" tests="13" time="6.165" timestamp="2026-05-31T17:03:04.076710+00:00" hostname="agent-env-48206dcc-4ba9-443b-8b55-402d55de0fd1"><testcase classname="tests.test_iteration6.TestRegressionPublic" name="test_root" time="0.208" /><testcase classname="tests.test_iteration6.TestRegressionPublic" name="test_tiers_returns_list" time="0.139" /><testcase classname="tests.test_iteration6.TestRegressionPublic" name="test_posts_recent" time="0.285" /><testcase classname="tests.test_iteration6.TestRegressionPublic" name="test_posts_default" time="0.380" /><testcase classname="tests.test_iteration6.TestAuth" name="test_auth_me_with_valid_token" time="0.466" /><testcase classname="tests.test_iteration6.TestAuth" name="test_auth_me_no_token" time="1.163" /><testcase classname="tests.test_iteration6.TestAdminAudit" name="test_audit_requires_auth" time="0.115" /><testcase classname="tests.test_iteration6.TestAdminAudit" name="test_audit_requires_admin_role" time="0.118" /><testcase classname="tests.test_iteration6.TestAdminAudit" name="test_audit_returns_shape_for_admin" time="0.883" /><testcase classname="tests.test_iteration6.TestCampaignAuditWrite" name="test_create_campaign_writes_audit_row" time="0.858" /><testcase classname="tests.test_iteration6.TestStripeSecurity" name="test_real_stripe_checkout_uses_eur" time="0.598" /><testcase classname="tests.test_iteration6.TestStripeSecurity" name="test_promo_validation_rejects_bad_code" time="0.127" /><testcase classname="tests.test_iteration6.TestStripeSecurity" name="test_campaign_ownership_enforced" time="0.798" /></testsuite></testsuites>