<?xml version="1.0" encoding="utf-8"?><testsuites name="pytest tests"><testsuite name="pytest" errors="0" failures="0" skipped="0" tests="15" time="2.209" timestamp="2026-06-01T13:31:15.216294+00:00" hostname="agent-env-48206dcc-4ba9-443b-8b55-402d55de0fd1"><testcase classname="backend.tests.test_iteration13.TestWallet" name="test_wallet_me_requires_auth" time="0.282" /><testcase classname="backend.tests.test_iteration13.TestWallet" name="test_wallet_me_new_user_shape" time="0.060" /><testcase classname="backend.tests.test_iteration13.TestWallet" name="test_vote_on_other_post_awards_bw" time="0.293" /><testcase classname="backend.tests.test_iteration13.TestWallet" name="test_vote_update_does_not_award_bw" time="0.242" /><testcase classname="backend.tests.test_iteration13.TestWallet" name="test_vote_undo_does_not_award_bw" time="0.272" /><testcase classname="backend.tests.test_iteration13.TestWallet" name="test_self_vote_does_not_award_bw" time="0.180" /><testcase classname="backend.tests.test_iteration13.TestWallet" name="test_auth_me_includes_bw_balance" time="0.190" /><testcase classname="backend.tests.test_iteration13.TestStylesFilter" name="test_styles_feed_no_auth" time="0.048" /><testcase classname="backend.tests.test_iteration13.TestStylesFilter" name="test_styles_feed_auth_no_follows" time="0.046" /><testcase classname="backend.tests.test_iteration13.TestStylesFilter" name="test_styles_feed_follow_pizza_then_filter" time="0.291" /><testcase classname="backend.tests.test_iteration13.TestRegression" name="test_themes_list" time="0.053" /><testcase classname="backend.tests.test_iteration13.TestRegression" name="test_trends_public" time="0.047" /><testcase classname="backend.tests.test_iteration13.TestRegression" name="test_follow_status_unauth" time="0.045" /><testcase classname="backend.tests.test_iteration13.TestRegression" name="test_invoice_auth_gate" time="0.050" /><testcase classname="backend.tests.test_iteration13.TestRegression" name="test_posts_recent" time="0.072" /></testsuite></testsuites>