<?xml version="1.0" encoding="utf-8"?><testsuites name="pytest tests"><testsuite name="pytest" errors="0" failures="3" skipped="0" tests="15" time="3.253" timestamp="2026-06-01T11:06:00.523915+00:00" hostname="agent-env-48206dcc-4ba9-443b-8b55-402d55de0fd1"><testcase classname="backend.tests.test_iteration9.TestAdminTiersAuth" name="test_get_admin_tiers_no_auth" time="0.281" /><testcase classname="backend.tests.test_iteration9.TestAdminTiersAuth" name="test_get_admin_tiers_user_forbidden" time="0.180" /><testcase classname="backend.tests.test_iteration9.TestAdminTiersAuth" name="test_get_admin_tiers_admin_ok" time="0.166" /><testcase classname="backend.tests.test_iteration9.TestAdminTiersUpdate" name="test_update_local_tier" time="0.204"><failure message="AssertionError: Internal Server Error&#10;assert 500 == 200&#10; +  where 500 = &lt;Response [500]&gt;.status_code">backend/tests/test_iteration9.py:120: in test_update_local_tier
    assert r.status_code == 200, r.text
E   AssertionError: Internal Server Error
E   assert 500 == 200
E    +  where 500 = &lt;Response [500]&gt;.status_code</failure></testcase><testcase classname="backend.tests.test_iteration9.TestAdminTiersValidation" name="test_amount_too_low" time="0.105" /><testcase classname="backend.tests.test_iteration9.TestAdminTiersValidation" name="test_amount_too_high" time="0.167" /><testcase classname="backend.tests.test_iteration9.TestAdminTiersValidation" name="test_votes_too_low" time="0.141" /><testcase classname="backend.tests.test_iteration9.TestAdminTiersValidation" name="test_unknown_tier_key" time="0.098" /><testcase classname="backend.tests.test_iteration9.TestAdminTiersReset" name="test_reset_local" time="0.272"><failure message="AssertionError: Internal Server Error&#10;assert 500 == 200&#10; +  where 500 = &lt;Response [500]&gt;.status_code">backend/tests/test_iteration9.py:175: in test_reset_local
    assert r.status_code == 200, r.text
E   AssertionError: Internal Server Error
E   assert 500 == 200
E    +  where 500 = &lt;Response [500]&gt;.status_code</failure></testcase><testcase classname="backend.tests.test_iteration9.TestPublicTiersHonorsOverrides" name="test_public_tiers_reflects_override" time="0.233"><failure message="assert 500 == 200&#10; +  where 500 = &lt;Response [500]&gt;.status_code">backend/tests/test_iteration9.py:198: in test_public_tiers_reflects_override
    assert r.status_code == 200
E   assert 500 == 200
E    +  where 500 = &lt;Response [500]&gt;.status_code</failure></testcase><testcase classname="backend.tests.test_iteration9.TestAuthSessionRace" name="test_invalid_session_returns_401_not_500" time="0.203" /><testcase classname="backend.tests.test_iteration9.TestZipDownload" name="test_zip_endpoint" time="0.136" /><testcase classname="backend.tests.test_iteration9.TestRegression" name="test_posts_public" time="0.738" /><testcase classname="backend.tests.test_iteration9.TestRegression" name="test_auth_me" time="0.097" /><testcase classname="backend.tests.test_iteration9.TestRegression" name="test_root" time="0.109" /></testsuite></testsuites>