<?xml version="1.0" encoding="utf-8"?><testsuites name="pytest tests"><testsuite name="pytest" errors="0" failures="0" skipped="0" tests="25" time="4.201" timestamp="2026-05-31T14:30:35.487771+00:00" hostname="agent-env-48206dcc-4ba9-443b-8b55-402d55de0fd1"><testcase classname="backend.tests.test_besord_v3.TestWhoAmI" name="test_unauth" time="0.252" /><testcase classname="backend.tests.test_besord_v3.TestWhoAmI" name="test_regular_user" time="0.061" /><testcase classname="backend.tests.test_besord_v3.TestWhoAmI" name="test_admin_user" time="0.058" /><testcase classname="backend.tests.test_besord_v3.TestPromoValidate" name="test_valid_50_off" time="0.059" /><testcase classname="backend.tests.test_besord_v3.TestPromoValidate" name="test_valid_20_off_regional" time="0.057" /><testcase classname="backend.tests.test_besord_v3.TestPromoValidate" name="test_invalid_code_404" time="0.056" /><testcase classname="backend.tests.test_besord_v3.TestPromoValidate" name="test_invalid_tier_400" time="0.058" /><testcase classname="backend.tests.test_besord_v3.TestPromoValidate" name="test_case_insensitive" time="0.053" /><testcase classname="backend.tests.test_besord_v3.TestStripeRealCheckout" name="test_create_global_real_stripe_session" time="1.196" /><testcase classname="backend.tests.test_besord_v3.TestStripeRealCheckout" name="test_check_payment_pending_does_not_crash" time="0.228" /><testcase classname="backend.tests.test_besord_v3.TestStripeRealCheckout" name="test_create_local_with_promo_50" time="0.428" /><testcase classname="backend.tests.test_besord_v3.TestStripeRealCheckout" name="test_create_with_invalid_promo_400" time="0.059" /><testcase classname="backend.tests.test_besord_v3.TestAdminGating" name="test_overview_admin_200" time="0.061" /><testcase classname="backend.tests.test_besord_v3.TestAdminGating" name="test_overview_non_admin_403" time="0.064" /><testcase classname="backend.tests.test_besord_v3.TestAdminGating" name="test_overview_unauth_401" time="0.053" /><testcase classname="backend.tests.test_besord_v3.TestAdminGating" name="test_advertisers_gated" time="0.107" /><testcase classname="backend.tests.test_besord_v3.TestAdminGating" name="test_campaigns_admin_gated" time="0.113" /><testcase classname="backend.tests.test_besord_v3.TestAdminGating" name="test_promos_admin_gated" time="0.116" /><testcase classname="backend.tests.test_besord_v3.TestAdminGating" name="test_admin_create_and_delete_promo" time="0.219" /><testcase classname="backend.tests.test_besord_v3.TestPostDelete" name="test_owner_can_delete_organic" time="0.135" /><testcase classname="backend.tests.test_besord_v3.TestPostDelete" name="test_non_owner_cannot_delete" time="0.179" /><testcase classname="backend.tests.test_besord_v3.TestPostDelete" name="test_sponsored_cannot_be_deleted" time="0.060" /><testcase classname="backend.tests.test_besord_v3.TestPostDelete" name="test_delete_nonexistent_404" time="0.059" /><testcase classname="backend.tests.test_besord_v3.TestFeedFiltersRegression" name="test_word_filter" time="0.171" /><testcase classname="backend.tests.test_besord_v3.TestFeedFiltersRegression" name="test_trending_sort_works" time="0.248" /></testsuite></testsuites>