<?xml version="1.0" encoding="utf-8"?><testsuites name="pytest tests"><testsuite name="pytest" errors="0" failures="0" skipped="0" tests="24" time="1.679" timestamp="2026-05-30T15:21:59.175346+00:00" hostname="agent-env-48206dcc-4ba9-443b-8b55-402d55de0fd1"><testcase classname="backend.tests.test_besord_api.TestHealth" name="test_root_ok" time="0.215" /><testcase classname="backend.tests.test_besord_api.TestAuthUnauth" name="test_session_invalid_id" time="0.157" /><testcase classname="backend.tests.test_besord_api.TestAuthUnauth" name="test_me_no_header" time="0.047" /><testcase classname="backend.tests.test_besord_api.TestAuthUnauth" name="test_me_invalid_token" time="0.045" /><testcase classname="backend.tests.test_besord_api.TestAuthUnauth" name="test_logout_no_auth_ok" time="0.044" /><testcase classname="backend.tests.test_besord_api.TestAuthUnauth" name="test_list_posts_public" time="0.051" /><testcase classname="backend.tests.test_besord_api.TestAuthUnauth" name="test_create_post_requires_auth" time="0.043" /><testcase classname="backend.tests.test_besord_api.TestAuthUnauth" name="test_vote_requires_auth" time="0.060" /><testcase classname="backend.tests.test_besord_api.TestAuthUnauth" name="test_delete_requires_auth" time="0.045" /><testcase classname="backend.tests.test_besord_api.TestAuthenticatedFlow" name="test_me_with_seeded_token" time="0.074" /><testcase classname="backend.tests.test_besord_api.TestAuthenticatedFlow" name="test_create_post_and_persist" time="0.101" /><testcase classname="backend.tests.test_besord_api.TestAuthenticatedFlow" name="test_vote_aprovo_increments" time="0.057" /><testcase classname="backend.tests.test_besord_api.TestAuthenticatedFlow" name="test_vote_toggle_off" time="0.048" /><testcase classname="backend.tests.test_besord_api.TestAuthenticatedFlow" name="test_vote_switch_to_desaprovo" time="0.095" /><testcase classname="backend.tests.test_besord_api.TestAuthenticatedFlow" name="test_delete_post" time="0.046" /><testcase classname="backend.tests.test_besord_api.TestAuthenticatedFlow" name="test_delete_other_user_post_forbidden" time="0.046" /><testcase classname="backend.tests.test_besord_api.TestAuthenticatedFlow" name="test_vote_nonexistent_post" time="0.046" /><testcase classname="backend.tests.test_besord_api.TestValidation" name="test_word_with_space_rejected" time="0.044" /><testcase classname="backend.tests.test_besord_api.TestValidation" name="test_word_special_char_rejected" time="0.045" /><testcase classname="backend.tests.test_besord_api.TestValidation" name="test_word_too_long_rejected" time="0.046" /><testcase classname="backend.tests.test_besord_api.TestValidation" name="test_word_letters_numbers_accepted" time="0.047" /><testcase classname="backend.tests.test_besord_api.TestValidation" name="test_image_too_short_rejected" time="0.043" /><testcase classname="backend.tests.test_besord_api.TestValidation" name="test_image_empty_rejected" time="0.050" /><testcase classname="backend.tests.test_besord_api.TestLogoutFlow" name="test_logout_invalidates_session" time="0.140" /></testsuite></testsuites>