<?xml version="1.0" encoding="utf-8"?><testsuites name="pytest tests"><testsuite name="pytest" errors="0" failures="0" skipped="4" tests="45" time="3.134" timestamp="2026-05-30T18:46:08.356580+00:00" hostname="agent-env-48206dcc-4ba9-443b-8b55-402d55de0fd1"><testcase classname="backend.tests.test_besord_api.TestHealth" name="test_root_ok" time="0.186" /><testcase classname="backend.tests.test_besord_api.TestAuthUnauth" name="test_session_invalid_id" time="0.144" /><testcase classname="backend.tests.test_besord_api.TestAuthUnauth" name="test_me_no_header" time="0.047" /><testcase classname="backend.tests.test_besord_api.TestAuthUnauth" name="test_me_invalid_token" time="0.046" /><testcase classname="backend.tests.test_besord_api.TestAuthUnauth" name="test_logout_no_auth_ok" time="0.046" /><testcase classname="backend.tests.test_besord_api.TestAuthUnauth" name="test_list_posts_public" time="0.095" /><testcase classname="backend.tests.test_besord_api.TestAuthUnauth" name="test_create_post_requires_auth" time="0.048" /><testcase classname="backend.tests.test_besord_api.TestAuthUnauth" name="test_vote_requires_auth" time="0.048" /><testcase classname="backend.tests.test_besord_api.TestAuthUnauth" name="test_delete_requires_auth" time="0.052" /><testcase classname="backend.tests.test_besord_api.TestAuthenticatedFlow" name="test_me_with_seeded_token" time="0.055" /><testcase classname="backend.tests.test_besord_api.TestAuthenticatedFlow" name="test_create_post_and_persist" time="0.140" /><testcase classname="backend.tests.test_besord_api.TestAuthenticatedFlow" name="test_vote_aprovo_increments" time="0.053" /><testcase classname="backend.tests.test_besord_api.TestAuthenticatedFlow" name="test_vote_toggle_off" time="0.059" /><testcase classname="backend.tests.test_besord_api.TestAuthenticatedFlow" name="test_vote_switch_to_desaprovo" time="0.107" /><testcase classname="backend.tests.test_besord_api.TestAuthenticatedFlow" name="test_delete_post" time="0.053" /><testcase classname="backend.tests.test_besord_api.TestAuthenticatedFlow" name="test_delete_other_user_post_forbidden" time="0.050" /><testcase classname="backend.tests.test_besord_api.TestAuthenticatedFlow" name="test_vote_nonexistent_post" time="0.049" /><testcase classname="backend.tests.test_besord_api.TestValidation" name="test_word_with_space_rejected" time="0.057" /><testcase classname="backend.tests.test_besord_api.TestValidation" name="test_word_special_char_rejected" time="0.047" /><testcase classname="backend.tests.test_besord_api.TestValidation" name="test_word_too_long_rejected" time="0.053" /><testcase classname="backend.tests.test_besord_api.TestValidation" name="test_word_letters_numbers_accepted" time="0.053" /><testcase classname="backend.tests.test_besord_api.TestValidation" name="test_image_too_short_rejected" time="0.045" /><testcase classname="backend.tests.test_besord_api.TestValidation" name="test_image_empty_rejected" time="0.047" /><testcase classname="backend.tests.test_besord_api.TestLogoutFlow" name="test_logout_invalidates_session" time="0.148" /><testcase classname="backend.tests.test_besord_v2.TestRootAndTiers" name="test_root_version_2" time="0.044" /><testcase classname="backend.tests.test_besord_v2.TestRootAndTiers" name="test_tiers_returns_four" time="0.047" /><testcase classname="backend.tests.test_besord_v2.TestAuthRegression" name="test_me_and_post_flow" time="0.195" /><testcase classname="backend.tests.test_besord_v2.TestBusinessProfile" name="test_create_profile_requires_auth" time="0.069" /><testcase classname="backend.tests.test_besord_v2.TestBusinessProfile" name="test_create_profile_and_has_business" time="0.146" /><testcase classname="backend.tests.test_besord_v2.TestCampaignCreate" name="test_invalid_tier_rejected" time="0.050" /><testcase classname="backend.tests.test_besord_v2.TestCampaignCreate" name="test_national_requires_country" time="0.047" /><testcase classname="backend.tests.test_besord_v2.TestCampaignCreate" name="test_regional_requires_region" time="0.047" /><testcase classname="backend.tests.test_besord_v2.TestCampaignCreate" name="test_local_requires_city" time="0.047" /><testcase classname="backend.tests.test_besord_v2.TestCampaignCreate" name="test_create_global_campaign_stripe" time="0.077"><skipped type="pytest.skip" message="Stripe checkout failed gracefully with 502 (sk_test_emergent). Body: {&quot;detail&quot;:&quot;Falha ao criar pagamento: Invalid API Key provided: sk_test_****gent&quot;}">/app/backend/tests/test_besord_v2.py:147: Stripe checkout failed gracefully with 502 (sk_test_emergent). Body: {"detail":"Falha ao criar pagamento: Invalid API Key provided: sk_test_****gent"}</skipped></testcase><testcase classname="backend.tests.test_besord_v2.TestCampaignRead" name="test_list_campaigns" time="0.046" /><testcase classname="backend.tests.test_besord_v2.TestCampaignRead" name="test_get_one_campaign" time="0.000"><skipped type="pytest.skip" message="No campaign created (Stripe failure)">/app/backend/tests/test_besord_v2.py:165: No campaign created (Stripe failure)</skipped></testcase><testcase classname="backend.tests.test_besord_v2.TestCampaignRead" name="test_get_nonexistent_campaign" time="0.055" /><testcase classname="backend.tests.test_besord_v2.TestCampaignRead" name="test_check_payment_does_not_crash" time="0.000"><skipped type="pytest.skip" message="No campaign to check">/app/backend/tests/test_besord_v2.py:177: No campaign to check</skipped></testcase><testcase classname="backend.tests.test_besord_v2.TestCampaignRead" name="test_report_404_when_no_post" time="0.000"><skipped type="pytest.skip" message="No campaign">/app/backend/tests/test_besord_v2.py:185: No campaign</skipped></testcase><testcase classname="backend.tests.test_besord_v2.TestAppleSignIn" name="test_apple_missing_identifier" time="0.047" /><testcase classname="backend.tests.test_besord_v2.TestAppleSignIn" name="test_apple_creates_user_and_session" time="0.151" /><testcase classname="backend.tests.test_besord_v2.TestSponsoredFeedAndGeo" name="test_feed_excludes_sponsored_from_organic_but_injects" time="0.091" /><testcase classname="backend.tests.test_besord_v2.TestSponsoredFeedAndGeo" name="test_vote_stores_geo" time="0.067" /><testcase classname="backend.tests.test_besord_v2.TestSponsoredFeedAndGeo" name="test_campaign_report_with_geo_aggregation" time="0.071" /><testcase classname="backend.tests.test_besord_v2.TestGeoEndpoint" name="test_geo_me_runs" time="0.047" /></testsuite></testsuites>