<?xml version="1.0" encoding="utf-8"?><testsuites name="pytest tests"><testsuite name="pytest" errors="0" failures="0" skipped="0" tests="15" time="2.881" timestamp="2026-06-01T15:03:33.628972+00:00" hostname="agent-env-48206dcc-4ba9-443b-8b55-402d55de0fd1"><testcase classname="backend.tests.test_iteration13.TestWallet" name="test_wallet_me_requires_auth" time="0.300" /><testcase classname="backend.tests.test_iteration13.TestWallet" name="test_wallet_me_new_user_shape" time="0.304" /><testcase classname="backend.tests.test_iteration13.TestWallet" name="test_vote_on_other_post_awards_bw" time="0.573" /><testcase classname="backend.tests.test_iteration13.TestWallet" name="test_vote_update_does_not_award_bw" time="0.256" /><testcase classname="backend.tests.test_iteration13.TestWallet" name="test_vote_undo_does_not_award_bw" time="0.253" /><testcase classname="backend.tests.test_iteration13.TestWallet" name="test_self_vote_does_not_award_bw" time="0.164" /><testcase classname="backend.tests.test_iteration13.TestWallet" name="test_auth_me_includes_bw_balance" time="0.206" /><testcase classname="backend.tests.test_iteration13.TestStylesFilter" name="test_styles_feed_no_auth" time="0.045" /><testcase classname="backend.tests.test_iteration13.TestStylesFilter" name="test_styles_feed_auth_no_follows" time="0.050" /><testcase classname="backend.tests.test_iteration13.TestStylesFilter" name="test_styles_feed_follow_pizza_then_filter" time="0.334" /><testcase classname="backend.tests.test_iteration13.TestRegression" name="test_themes_list" time="0.049" /><testcase classname="backend.tests.test_iteration13.TestRegression" name="test_trends_public" time="0.055" /><testcase classname="backend.tests.test_iteration13.TestRegression" name="test_follow_status_unauth" time="0.049" /><testcase classname="backend.tests.test_iteration13.TestRegression" name="test_invoice_auth_gate" time="0.053" /><testcase classname="backend.tests.test_iteration13.TestRegression" name="test_posts_recent" time="0.113" /></testsuite></testsuites>