<?xml version="1.0" encoding="utf-8"?><testsuites name="pytest tests"><testsuite name="pytest" errors="0" failures="0" skipped="0" tests="24" time="2.800" timestamp="2026-06-01T13:11:11.220989+00:00" hostname="agent-env-48206dcc-4ba9-443b-8b55-402d55de0fd1"><testcase classname="backend.tests.test_iteration12.TestThemes" name="test_list_themes_public" time="0.279" /><testcase classname="backend.tests.test_iteration12.TestThemes" name="test_create_post_with_valid_theme" time="0.062" /><testcase classname="backend.tests.test_iteration12.TestThemes" name="test_create_post_with_invalid_theme" time="0.055" /><testcase classname="backend.tests.test_iteration12.TestThemes" name="test_create_post_without_theme" time="0.050" /><testcase classname="backend.tests.test_iteration12.TestThemes" name="test_list_posts_by_theme_filter" time="0.280" /><testcase classname="backend.tests.test_iteration12.TestStyles" name="test_styles_me_requires_auth" time="0.046" /><testcase classname="backend.tests.test_iteration12.TestStyles" name="test_follow_idempotent" time="0.323" /><testcase classname="backend.tests.test_iteration12.TestStyles" name="test_styles_status_no_auth" time="0.049" /><testcase classname="backend.tests.test_iteration12.TestStyles" name="test_posts_source_styles_no_auth_returns_empty" time="0.043" /><testcase classname="backend.tests.test_iteration12.TestStyles" name="test_posts_source_styles_filters_by_follows" time="0.190" /><testcase classname="backend.tests.test_iteration12.TestTrends" name="test_trends_public_24h" time="0.049" /><testcase classname="backend.tests.test_iteration12.TestTrends" name="test_trends_scope_country" time="0.082" /><testcase classname="backend.tests.test_iteration12.TestTrends" name="test_trends_with_theme" time="0.045" /><testcase classname="backend.tests.test_iteration12.TestTrends" name="test_trends_aggregation_correctness" time="0.141" /><testcase classname="backend.tests.test_iteration12.TestInvoice" name="test_invoice_requires_auth" time="0.046" /><testcase classname="backend.tests.test_iteration12.TestInvoice" name="test_invoice_mock_session_returns_unavailable" time="0.047" /><testcase classname="backend.tests.test_iteration12.TestInvoice" name="test_invoice_real_session_id_reachable" time="0.399" /><testcase classname="backend.tests.test_iteration12.TestInvoice" name="test_invoice_other_user_campaign_404" time="0.072" /><testcase classname="backend.tests.test_iteration12.TestRegression" name="test_get_posts_recent" time="0.067" /><testcase classname="backend.tests.test_iteration12.TestRegression" name="test_get_posts_trending" time="0.051" /><testcase classname="backend.tests.test_iteration12.TestRegression" name="test_vote_and_comment" time="0.143" /><testcase classname="backend.tests.test_iteration12.TestRegression" name="test_notifications_auth_gate" time="0.092" /><testcase classname="backend.tests.test_iteration12.TestRegression" name="test_business_dashboard_auth_gate" time="0.090" /><testcase classname="backend.tests.test_iteration12.TestRegression" name="test_download_zip" time="0.050" /></testsuite></testsuites>