<?xml version="1.0" encoding="utf-8"?><testsuites name="pytest tests"><testsuite name="pytest" errors="0" failures="1" skipped="0" tests="264" time="42.350" timestamp="2026-06-01T19:14:01.539313+00:00" hostname="agent-env-48206dcc-4ba9-443b-8b55-402d55de0fd1"><testcase classname="backend.tests.test_besord_api.TestHealth" name="test_root_ok" time="0.198" /><testcase classname="backend.tests.test_besord_api.TestAuthUnauth" name="test_session_invalid_id" time="0.159" /><testcase classname="backend.tests.test_besord_api.TestAuthUnauth" name="test_me_no_header" time="0.053" /><testcase classname="backend.tests.test_besord_api.TestAuthUnauth" name="test_me_invalid_token" time="0.053" /><testcase classname="backend.tests.test_besord_api.TestAuthUnauth" name="test_logout_no_auth_ok" time="0.048" /><testcase classname="backend.tests.test_besord_api.TestAuthUnauth" name="test_list_posts_public" time="0.301" /><testcase classname="backend.tests.test_besord_api.TestAuthUnauth" name="test_create_post_requires_auth" time="0.050" /><testcase classname="backend.tests.test_besord_api.TestAuthUnauth" name="test_vote_requires_auth" time="0.051" /><testcase classname="backend.tests.test_besord_api.TestAuthUnauth" name="test_delete_requires_auth" time="0.049" /><testcase classname="backend.tests.test_besord_api.TestAuthenticatedFlow" name="test_me_with_seeded_token" time="0.060" /><testcase classname="backend.tests.test_besord_api.TestAuthenticatedFlow" name="test_create_post_and_persist" time="0.149" /><testcase classname="backend.tests.test_besord_api.TestAuthenticatedFlow" name="test_vote_aprovo_increments" time="0.063" /><testcase classname="backend.tests.test_besord_api.TestAuthenticatedFlow" name="test_vote_toggle_off" time="0.069" /><testcase classname="backend.tests.test_besord_api.TestAuthenticatedFlow" name="test_vote_switch_to_desaprovo" time="0.120" /><testcase classname="backend.tests.test_besord_api.TestAuthenticatedFlow" name="test_delete_post" time="0.066" /><testcase classname="backend.tests.test_besord_api.TestAuthenticatedFlow" name="test_delete_other_user_post_forbidden" time="0.053" /><testcase classname="backend.tests.test_besord_api.TestAuthenticatedFlow" name="test_vote_nonexistent_post" time="0.054" /><testcase classname="backend.tests.test_besord_api.TestValidation" name="test_word_with_space_rejected" time="0.050" /><testcase classname="backend.tests.test_besord_api.TestValidation" name="test_word_special_char_rejected" time="0.053" /><testcase classname="backend.tests.test_besord_api.TestValidation" name="test_word_too_long_rejected" time="0.052" /><testcase classname="backend.tests.test_besord_api.TestValidation" name="test_word_letters_numbers_accepted" time="0.056" /><testcase classname="backend.tests.test_besord_api.TestValidation" name="test_image_too_short_rejected" time="0.051" /><testcase classname="backend.tests.test_besord_api.TestValidation" name="test_image_empty_rejected" time="0.050" /><testcase classname="backend.tests.test_besord_api.TestLogoutFlow" name="test_logout_invalidates_session" time="0.157" /><testcase classname="backend.tests.test_besord_v2.TestRootAndTiers" name="test_root_version_2" time="0.048" /><testcase classname="backend.tests.test_besord_v2.TestRootAndTiers" name="test_tiers_returns_four" time="0.050" /><testcase classname="backend.tests.test_besord_v2.TestAuthRegression" name="test_me_and_post_flow" time="0.160" /><testcase classname="backend.tests.test_besord_v2.TestBusinessProfile" name="test_create_profile_requires_auth" time="0.058" /><testcase classname="backend.tests.test_besord_v2.TestBusinessProfile" name="test_create_profile_and_has_business" time="0.146" /><testcase classname="backend.tests.test_besord_v2.TestCampaignCreate" name="test_invalid_tier_rejected" time="0.051" /><testcase classname="backend.tests.test_besord_v2.TestCampaignCreate" name="test_national_requires_country" time="0.050" /><testcase classname="backend.tests.test_besord_v2.TestCampaignCreate" name="test_regional_requires_region" time="0.049" /><testcase classname="backend.tests.test_besord_v2.TestCampaignCreate" name="test_local_requires_city" time="0.051" /><testcase classname="backend.tests.test_besord_v2.TestCampaignCreate" name="test_create_global_campaign_stripe" time="0.424" /><testcase classname="backend.tests.test_besord_v2.TestCampaignRead" name="test_list_campaigns" time="0.056" /><testcase classname="backend.tests.test_besord_v2.TestCampaignRead" name="test_get_one_campaign" time="0.062" /><testcase classname="backend.tests.test_besord_v2.TestCampaignRead" name="test_get_nonexistent_campaign" time="0.051" /><testcase classname="backend.tests.test_besord_v2.TestCampaignRead" name="test_check_payment_does_not_crash" time="0.251" /><testcase classname="backend.tests.test_besord_v2.TestCampaignRead" name="test_report_404_when_no_post" time="0.058" /><testcase classname="backend.tests.test_besord_v2.TestAppleSignIn" name="test_apple_missing_identifier" time="0.047" /><testcase classname="backend.tests.test_besord_v2.TestAppleSignIn" name="test_apple_creates_user_and_session" time="0.161" /><testcase classname="backend.tests.test_besord_v2.TestSponsoredFeedAndGeo" name="test_feed_excludes_sponsored_from_organic_but_injects" time="0.104" /><testcase classname="backend.tests.test_besord_v2.TestSponsoredFeedAndGeo" name="test_vote_stores_geo" time="0.066" /><testcase classname="backend.tests.test_besord_v2.TestSponsoredFeedAndGeo" name="test_campaign_report_with_geo_aggregation" time="0.064" /><testcase classname="backend.tests.test_besord_v2.TestGeoEndpoint" name="test_geo_me_runs" time="0.053" /><testcase classname="backend.tests.test_besord_v3.TestWhoAmI" name="test_unauth" time="0.059" /><testcase classname="backend.tests.test_besord_v3.TestWhoAmI" name="test_regular_user" time="0.048" /><testcase classname="backend.tests.test_besord_v3.TestWhoAmI" name="test_admin_user" time="0.055" /><testcase classname="backend.tests.test_besord_v3.TestPromoValidate" name="test_valid_50_off" time="0.054" /><testcase classname="backend.tests.test_besord_v3.TestPromoValidate" name="test_valid_20_off_regional" time="0.050" /><testcase classname="backend.tests.test_besord_v3.TestPromoValidate" name="test_invalid_code_404" time="0.053" /><testcase classname="backend.tests.test_besord_v3.TestPromoValidate" name="test_invalid_tier_400" time="0.055" /><testcase classname="backend.tests.test_besord_v3.TestPromoValidate" name="test_case_insensitive" time="0.051" /><testcase classname="backend.tests.test_besord_v3.TestStripeRealCheckout" name="test_create_global_real_stripe_session" time="0.427" /><testcase classname="backend.tests.test_besord_v3.TestStripeRealCheckout" name="test_check_payment_pending_does_not_crash" time="0.243" /><testcase classname="backend.tests.test_besord_v3.TestStripeRealCheckout" name="test_create_local_with_promo_50" time="0.409" /><testcase classname="backend.tests.test_besord_v3.TestStripeRealCheckout" name="test_create_with_invalid_promo_400" time="0.052" /><testcase classname="backend.tests.test_besord_v3.TestAdminGating" name="test_overview_admin_200" time="0.054" /><testcase classname="backend.tests.test_besord_v3.TestAdminGating" name="test_overview_non_admin_403" time="0.065" /><testcase classname="backend.tests.test_besord_v3.TestAdminGating" name="test_overview_unauth_401" time="0.050" /><testcase classname="backend.tests.test_besord_v3.TestAdminGating" name="test_advertisers_gated" time="0.111" /><testcase classname="backend.tests.test_besord_v3.TestAdminGating" name="test_campaigns_admin_gated" time="0.104" /><testcase classname="backend.tests.test_besord_v3.TestAdminGating" name="test_promos_admin_gated" time="0.104" /><testcase classname="backend.tests.test_besord_v3.TestAdminGating" name="test_admin_create_and_delete_promo" time="0.213" /><testcase classname="backend.tests.test_besord_v3.TestPostDelete" name="test_owner_can_delete_organic" time="0.104" /><testcase classname="backend.tests.test_besord_v3.TestPostDelete" name="test_non_owner_cannot_delete" time="0.162" /><testcase classname="backend.tests.test_besord_v3.TestPostDelete" name="test_sponsored_cannot_be_deleted" time="0.070" /><testcase classname="backend.tests.test_besord_v3.TestPostDelete" name="test_delete_nonexistent_404" time="0.050" /><testcase classname="backend.tests.test_besord_v3.TestFeedFiltersRegression" name="test_word_filter" time="0.166" /><testcase classname="backend.tests.test_besord_v3.TestFeedFiltersRegression" name="test_trending_sort_works" time="0.089" /><testcase classname="backend.tests.test_iteration11.TestNotifications" name="test_list_requires_auth" time="0.128" /><testcase classname="backend.tests.test_iteration11.TestNotifications" name="test_unread_count_requires_auth" time="0.113" /><testcase classname="backend.tests.test_iteration11.TestNotifications" name="test_mark_read_requires_auth" time="0.142" /><testcase classname="backend.tests.test_iteration11.TestNotifications" name="test_read_all_requires_auth" time="0.162" /><testcase classname="backend.tests.test_iteration11.TestNotifications" name="test_empty_list_for_new_user" time="0.191" /><testcase classname="backend.tests.test_iteration11.TestNotifications" name="test_insert_and_list_increments_unread" time="0.214" /><testcase classname="backend.tests.test_iteration11.TestNotifications" name="test_mark_single_read" time="0.215" /><testcase classname="backend.tests.test_iteration11.TestNotifications" name="test_read_all" time="0.304" /><testcase classname="backend.tests.test_iteration11.TestDashboard" name="test_requires_auth" time="0.108" /><testcase classname="backend.tests.test_iteration11.TestDashboard" name="test_returns_aggregate_shape" time="0.162" /><testcase classname="backend.tests.test_iteration11.TestShareLink" name="test_create_requires_auth" time="0.129" /><testcase classname="backend.tests.test_iteration11.TestShareLink" name="test_create_as_owner" time="0.149" /><testcase classname="backend.tests.test_iteration11.TestShareLink" name="test_public_read_no_auth" time="0.277" /><testcase classname="backend.tests.test_iteration11.TestShareLink" name="test_invalid_token_404" time="0.105" /><testcase classname="backend.tests.test_iteration11.TestShareLink" name="test_expired_token_410" time="0.292" /><testcase classname="backend.tests.test_iteration11.TestShareLink" name="test_non_owner_cannot_create" time="0.105" /><testcase classname="backend.tests.test_iteration11.TestPDFReport" name="test_requires_auth" time="0.102" /><testcase classname="backend.tests.test_iteration11.TestPDFReport" name="test_owner_pdf_ok" time="0.964" /><testcase classname="backend.tests.test_iteration11.TestPDFReport" name="test_non_existent_404" time="0.145" /><testcase classname="backend.tests.test_iteration11.TestPDFReport" name="test_non_owner_404" time="0.113" /><testcase classname="backend.tests.test_iteration11.TestMilestoneHook" name="test_50_pct_creates_notification" time="0.940" /><testcase classname="backend.tests.test_iteration11.TestRegressionSmoke" name="test_get_posts" time="0.188" /><testcase classname="backend.tests.test_iteration11.TestRegressionSmoke" name="test_auth_me_with_token" time="0.170" /><testcase classname="backend.tests.test_iteration11.TestRegressionSmoke" name="test_business_tiers_public" time="0.128" /><testcase classname="backend.tests.test_iteration11.TestRegressionSmoke" name="test_download_zip" time="0.140" /><testcase classname="backend.tests.test_iteration12.TestThemes" name="test_list_themes_public" time="0.057" /><testcase classname="backend.tests.test_iteration12.TestThemes" name="test_create_post_with_valid_theme" time="0.051" /><testcase classname="backend.tests.test_iteration12.TestThemes" name="test_create_post_with_invalid_theme" time="0.050" /><testcase classname="backend.tests.test_iteration12.TestThemes" name="test_create_post_without_theme" time="0.051" /><testcase classname="backend.tests.test_iteration12.TestThemes" name="test_list_posts_by_theme_filter" time="0.168" /><testcase classname="backend.tests.test_iteration12.TestStyles" name="test_styles_me_requires_auth" time="0.054" /><testcase classname="backend.tests.test_iteration12.TestStyles" name="test_follow_idempotent" time="0.343" /><testcase classname="backend.tests.test_iteration12.TestStyles" name="test_styles_status_no_auth" time="0.058" /><testcase classname="backend.tests.test_iteration12.TestStyles" name="test_posts_source_styles_no_auth_returns_empty" time="0.057" /><testcase classname="backend.tests.test_iteration12.TestStyles" name="test_posts_source_styles_filters_by_follows" time="0.216" /><testcase classname="backend.tests.test_iteration12.TestTrends" name="test_trends_public_24h" time="0.051" /><testcase classname="backend.tests.test_iteration12.TestTrends" name="test_trends_scope_country" time="0.050" /><testcase classname="backend.tests.test_iteration12.TestTrends" name="test_trends_with_theme" time="0.050" /><testcase classname="backend.tests.test_iteration12.TestTrends" name="test_trends_aggregation_correctness" time="0.171" /><testcase classname="backend.tests.test_iteration12.TestInvoice" name="test_invoice_requires_auth" time="0.050" /><testcase classname="backend.tests.test_iteration12.TestInvoice" name="test_invoice_mock_session_returns_unavailable" time="0.056" /><testcase classname="backend.tests.test_iteration12.TestInvoice" name="test_invoice_real_session_id_reachable" time="0.224" /><testcase classname="backend.tests.test_iteration12.TestInvoice" name="test_invoice_other_user_campaign_404" time="0.051" /><testcase classname="backend.tests.test_iteration12.TestRegression" name="test_get_posts_recent" time="0.097" /><testcase classname="backend.tests.test_iteration12.TestRegression" name="test_get_posts_trending" time="0.090" /><testcase classname="backend.tests.test_iteration12.TestRegression" name="test_vote_and_comment" time="0.164" /><testcase classname="backend.tests.test_iteration12.TestRegression" name="test_notifications_auth_gate" time="0.100" /><testcase classname="backend.tests.test_iteration12.TestRegression" name="test_business_dashboard_auth_gate" time="0.099" /><testcase classname="backend.tests.test_iteration12.TestRegression" name="test_download_zip" time="0.049" /><testcase classname="backend.tests.test_iteration13.TestWallet" name="test_wallet_me_requires_auth" time="0.053" /><testcase classname="backend.tests.test_iteration13.TestWallet" name="test_wallet_me_new_user_shape" time="0.054" /><testcase classname="backend.tests.test_iteration13.TestWallet" name="test_vote_on_other_post_awards_bw" time="0.162" /><testcase classname="backend.tests.test_iteration13.TestWallet" name="test_vote_update_does_not_award_bw" time="0.264" /><testcase classname="backend.tests.test_iteration13.TestWallet" name="test_vote_undo_does_not_award_bw" time="0.305" /><testcase classname="backend.tests.test_iteration13.TestWallet" name="test_self_vote_does_not_award_bw" time="0.228" /><testcase classname="backend.tests.test_iteration13.TestWallet" name="test_auth_me_includes_bw_balance" time="0.210" /><testcase classname="backend.tests.test_iteration13.TestStylesFilter" name="test_styles_feed_no_auth" time="0.050" /><testcase classname="backend.tests.test_iteration13.TestStylesFilter" name="test_styles_feed_auth_no_follows" time="0.062" /><testcase classname="backend.tests.test_iteration13.TestStylesFilter" name="test_styles_feed_follow_pizza_then_filter" time="0.305" /><testcase classname="backend.tests.test_iteration13.TestRegression" name="test_themes_list" time="0.045" /><testcase classname="backend.tests.test_iteration13.TestRegression" name="test_trends_public" time="0.047" /><testcase classname="backend.tests.test_iteration13.TestRegression" name="test_follow_status_unauth" time="0.047" /><testcase classname="backend.tests.test_iteration13.TestRegression" name="test_invoice_auth_gate" time="0.047" /><testcase classname="backend.tests.test_iteration13.TestRegression" name="test_posts_recent" time="0.092" /><testcase classname="backend.tests.test_iteration14_campaign_theme.TestCampaignTheme" name="test_reject_invalid_theme" time="0.055" /><testcase classname="backend.tests.test_iteration14_campaign_theme.TestCampaignTheme" name="test_create_without_theme" time="0.422" /><testcase classname="backend.tests.test_iteration14_campaign_theme.TestCampaignTheme" name="test_create_with_valid_theme_persists" time="0.569" /><testcase classname="backend.tests.test_iteration14_campaign_theme.TestCampaignTheme" name="test_theme_propagates_to_sponsored_post_on_activation" time="0.461" /><testcase classname="backend.tests.test_iteration15_password_auth.TestRegisterAndMe" name="test_register_returns_token_and_me_works" time="0.342" /><testcase classname="backend.tests.test_iteration15_password_auth.TestRegisterAndMe" name="test_register_short_password_rejected" time="0.047" /><testcase classname="backend.tests.test_iteration15_password_auth.TestRegisterAndMe" name="test_register_duplicate_email_fails" time="0.325" /><testcase classname="backend.tests.test_iteration15_password_auth.TestLogin" name="test_login_success" time="0.554" /><testcase classname="backend.tests.test_iteration15_password_auth.TestLogin" name="test_login_wrong_password" time="0.544" /><testcase classname="backend.tests.test_iteration15_password_auth.TestLogin" name="test_login_unknown_email_generic" time="0.051" /><testcase classname="backend.tests.test_iteration15_password_auth.TestForgotReset" name="test_forgot_password_always_ok" time="0.051" /><testcase classname="backend.tests.test_iteration15_password_auth.TestForgotReset" name="test_reset_password_bad_token" time="0.329" /><testcase classname="backend.tests.test_iteration15_password_auth.TestForgotReset" name="test_reset_full_flow" time="1.642" /><testcase classname="backend.tests.test_iteration15_password_auth.TestRateLimit" name="test_brute_force_rate_limit_kicks_in" time="1.697" /><testcase classname="backend.tests.test_iteration16_workspaces_personal.TestWorkspaces" name="test_list_auto_creates_personal_and_migrates_business" time="0.054"><failure message="AssertionError: assert 'TEST_Besord Co' == 'Old Co'&#10;  &#10;  - Old Co&#10;  + TEST_Besord Co">E   AssertionError: assert 'TEST_Besord Co' == 'Old Co'
      
      - Old Co
      + TEST_Besord Co</failure></testcase><testcase classname="backend.tests.test_iteration16_workspaces_personal.TestWorkspaces" name="test_create_business_requires_nif_and_email" time="0.108" /><testcase classname="backend.tests.test_iteration16_workspaces_personal.TestWorkspaces" name="test_create_business_ok" time="0.048" /><testcase classname="backend.tests.test_iteration16_workspaces_personal.TestWorkspaces" name="test_cannot_create_second_personal" time="0.102" /><testcase classname="backend.tests.test_iteration16_workspaces_personal.TestWorkspaces" name="test_patch_workspace" time="0.104" /><testcase classname="backend.tests.test_iteration16_workspaces_personal.TestWorkspaces" name="test_delete_personal_forbidden" time="0.106" /><testcase classname="backend.tests.test_iteration16_workspaces_personal.TestWorkspaces" name="test_activate_workspace" time="0.104" /><testcase classname="backend.tests.test_iteration16_workspaces_personal.TestCampaignWorkspace" name="test_campaign_auto_assigns_workspace_id" time="0.399" /><testcase classname="backend.tests.test_iteration16_workspaces_personal.TestPersonalAdLimits" name="test_mini_tier_exists_with_300_cap" time="0.051" /><testcase classname="backend.tests.test_iteration16_workspaces_personal.TestPersonalAdLimits" name="test_only_one_active_personal_ad" time="0.120" /><testcase classname="backend.tests.test_iteration4.TestAuthMe" name="test_me_authenticated" time="0.047" /><testcase classname="backend.tests.test_iteration4.TestAuthMe" name="test_me_unauth" time="0.128" /><testcase classname="backend.tests.test_iteration4.TestFeedSort" name="test_recent_sort" time="0.091" /><testcase classname="backend.tests.test_iteration4.TestFeedSort" name="test_trending_sort" time="0.093" /><testcase classname="backend.tests.test_iteration4.TestDeletePost" name="test_author_can_delete" time="0.104" /><testcase classname="backend.tests.test_iteration4.TestDeletePost" name="test_non_author_403" time="0.180" /><testcase classname="backend.tests.test_iteration4.TestDeletePost" name="test_missing_404" time="0.055" /><testcase classname="backend.tests.test_iteration4.TestCommentUpsert" name="test_double_comment_updates_and_does_not_increment_count" time="0.223" /><testcase classname="backend.tests.test_iteration4.TestCommentUpsert" name="test_delete_comment_decrements_count" time="0.206" /><testcase classname="backend.tests.test_iteration4.TestVote" name="test_vote_aprovo_and_toggle" time="0.213" /><testcase classname="backend.tests.test_iteration5.TestCrossedMilestones" name="test_crosses_50" time="0.000" /><testcase classname="backend.tests.test_iteration5.TestCrossedMilestones" name="test_no_progress" time="0.000" /><testcase classname="backend.tests.test_iteration5.TestCrossedMilestones" name="test_crosses_75_and_100" time="0.000" /><testcase classname="backend.tests.test_iteration5.TestCrossedMilestones" name="test_crosses_all_three" time="0.000" /><testcase classname="backend.tests.test_iteration5.TestCrossedMilestones" name="test_crosses_50_and_75" time="0.000" /><testcase classname="backend.tests.test_iteration5.TestCrossedMilestones" name="test_zero_target_returns_empty" time="0.000" /><testcase classname="backend.tests.test_iteration5.TestCrossedMilestones" name="test_negative_target_returns_empty" time="0.000" /><testcase classname="backend.tests.test_iteration5.TestCrossedMilestones" name="test_milestones_constant_is_50_75_100" time="0.000" /><testcase classname="backend.tests.test_iteration5.TestEmailContent" name="test_subject_50" time="0.000" /><testcase classname="backend.tests.test_iteration5.TestEmailContent" name="test_subject_100" time="0.000" /><testcase classname="backend.tests.test_iteration5.TestEmailContent" name="test_html_contains_required_fields" time="0.000" /><testcase classname="backend.tests.test_iteration5.TestEmailContent" name="test_html_100_uses_meta_alcancada_headline" time="0.000" /><testcase classname="backend.tests.test_iteration5.TestResendConfig" name="test_configured" time="0.000" /><testcase classname="backend.tests.test_iteration5.TestResendConfig" name="test_resend_api_key_env_present" time="0.000" /><testcase classname="backend.tests.test_iteration5.TestResendConfig" name="test_no_recipient_returns_none_without_send" time="0.000" /><testcase classname="backend.tests.test_iteration5.TestMilestoneIdempotency" name="test_already_sent_50_is_filtered" time="0.000" /><testcase classname="backend.tests.test_iteration5.TestMilestoneIdempotency" name="test_partial_overlap_keeps_unsent" time="0.000" /><testcase classname="backend.tests.test_iteration5.TestMilestoneIdempotency" name="test_all_unsent" time="0.000" /><testcase classname="backend.tests.test_iteration5.TestCampaignReportGeoPoints" name="test_report_returns_200_with_geo_points" time="0.063" /><testcase classname="backend.tests.test_iteration5.TestCampaignReportGeoPoints" name="test_report_preserves_existing_fields" time="0.052" /><testcase classname="backend.tests.test_iteration5.TestCampaignReportGeoPoints" name="test_report_geo_points_capped_or_listed" time="0.083" /><testcase classname="backend.tests.test_iteration5.TestVoteRegressionOrganic" name="test_organic_vote_does_not_break" time="0.156" /><testcase classname="backend.tests.test_iteration5.TestMilestoneSendIntegration" name="test_crossing_50_marks_milestone" time="0.250" /><testcase classname="backend.tests.test_iteration6.TestRegressionPublic" name="test_root" time="0.199" /><testcase classname="backend.tests.test_iteration6.TestRegressionPublic" name="test_tiers_returns_list" time="0.124" /><testcase classname="backend.tests.test_iteration6.TestRegressionPublic" name="test_posts_recent" time="0.168" /><testcase classname="backend.tests.test_iteration6.TestRegressionPublic" name="test_posts_default" time="0.197" /><testcase classname="backend.tests.test_iteration6.TestAuth" name="test_auth_me_with_valid_token" time="0.108" /><testcase classname="backend.tests.test_iteration6.TestAuth" name="test_auth_me_no_token" time="0.113" /><testcase classname="backend.tests.test_iteration6.TestAdminAudit" name="test_audit_requires_auth" time="0.116" /><testcase classname="backend.tests.test_iteration6.TestAdminAudit" name="test_audit_requires_admin_role" time="0.106" /><testcase classname="backend.tests.test_iteration6.TestAdminAudit" name="test_audit_returns_shape_for_admin" time="0.132" /><testcase classname="backend.tests.test_iteration6.TestCampaignAuditWrite" name="test_create_campaign_writes_audit_row" time="0.666" /><testcase classname="backend.tests.test_iteration6.TestStripeSecurity" name="test_real_stripe_checkout_uses_eur" time="0.569" /><testcase classname="backend.tests.test_iteration6.TestStripeSecurity" name="test_promo_validation_rejects_bad_code" time="0.127" /><testcase classname="backend.tests.test_iteration6.TestStripeSecurity" name="test_campaign_ownership_enforced" time="0.707" /><testcase classname="backend.tests.test_iteration7.TestModerationUnit" name="test_allowed_words[PIZZA]" time="0.000" /><testcase classname="backend.tests.test_iteration7.TestModerationUnit" name="test_allowed_words[design]" time="0.000" /><testcase classname="backend.tests.test_iteration7.TestModerationUnit" name="test_allowed_words[lan\xe7amento]" time="0.003" /><testcase classname="backend.tests.test_iteration7.TestModerationUnit" name="test_allowed_words[child]" time="0.000" /><testcase classname="backend.tests.test_iteration7.TestModerationUnit" name="test_allowed_words[matar]" time="0.000" /><testcase classname="backend.tests.test_iteration7.TestModerationUnit" name="test_allowed_words[campeoes]" time="0.000" /><testcase classname="backend.tests.test_iteration7.TestModerationUnit" name="test_allowed_words[PROJETO]" time="0.000" /><testcase classname="backend.tests.test_iteration7.TestModerationUnit" name="test_blocked_words[fdp]" time="0.000" /><testcase classname="backend.tests.test_iteration7.TestModerationUnit" name="test_blocked_words[FDP]" time="0.000" /><testcase classname="backend.tests.test_iteration7.TestModerationUnit" name="test_blocked_words[puta]" time="0.000" /><testcase classname="backend.tests.test_iteration7.TestModerationUnit" name="test_blocked_words[PuTaRiA]" time="0.000" /><testcase classname="backend.tests.test_iteration7.TestModerationUnit" name="test_blocked_words[PORNOOO]" time="0.000" /><testcase classname="backend.tests.test_iteration7.TestModerationUnit" name="test_blocked_words[NIGGER]" time="0.000" /><testcase classname="backend.tests.test_iteration7.TestModerationUnit" name="test_blocked_words[pedofilo]" time="0.000" /><testcase classname="backend.tests.test_iteration7.TestModerationUnit" name="test_blocked_words[rape]" time="0.000" /><testcase classname="backend.tests.test_iteration7.TestModerationEndpoints" name="test_post_create_blocked_word" time="0.232" /><testcase classname="backend.tests.test_iteration7.TestModerationEndpoints" name="test_post_create_with_blocked_word" time="0.114" /><testcase classname="backend.tests.test_iteration7.TestModerationEndpoints" name="test_campaign_blocked_word" time="0.114" /><testcase classname="backend.tests.test_iteration7.TestModerationEndpoints" name="test_post_clean_word_allowed" time="0.169" /><testcase classname="backend.tests.test_iteration7.TestAgeGate" name="test_no_auth_returns_401" time="0.113" /><testcase classname="backend.tests.test_iteration7.TestAgeGate" name="test_underage_blocks_and_kills_sessions" time="0.225" /><testcase classname="backend.tests.test_iteration7.TestAgeGate" name="test_valid_birth_year_success" time="0.361" /><testcase classname="backend.tests.test_iteration7.TestAgeGate" name="test_invalid_birth_year[1700]" time="0.118" /><testcase classname="backend.tests.test_iteration7.TestAgeGate" name="test_invalid_birth_year[3000]" time="0.121" /><testcase classname="backend.tests.test_iteration7.TestStripeWebhook" name="test_secret_missing_returns_503" time="0.112" /><testcase classname="backend.tests.test_iteration7.TestStripeWebhook" name="test_route_exists" time="0.093" /><testcase classname="backend.tests.test_iteration7.TestAdminModeration" name="test_queue_requires_auth" time="0.119" /><testcase classname="backend.tests.test_iteration7.TestAdminModeration" name="test_queue_admin_ok" time="0.115" /><testcase classname="backend.tests.test_iteration7.TestAdminModeration" name="test_queue_filters[pending]" time="0.120" /><testcase classname="backend.tests.test_iteration7.TestAdminModeration" name="test_queue_filters[hidden]" time="0.135" /><testcase classname="backend.tests.test_iteration7.TestAdminModeration" name="test_queue_filters[all]" time="0.109" /><testcase classname="backend.tests.test_iteration7.TestAdminModeration" name="test_hide_restore_delete_flow" time="0.483" /><testcase classname="backend.tests.test_iteration7.TestAdminModeration" name="test_invalid_action" time="0.227" /><testcase classname="backend.tests.test_iteration7.TestRegression" name="test_get_posts" time="0.198" /><testcase classname="backend.tests.test_iteration7.TestRegression" name="test_get_tiers" time="0.105" /><testcase classname="backend.tests.test_iteration7.TestRegression" name="test_auth_me" time="0.119" /><testcase classname="backend.tests.test_iteration7.TestRegression" name="test_vote" time="0.227" /><testcase classname="backend.tests.test_iteration8.TestAdvertiserCancel" name="test_no_auth_returns_401" time="0.577" /><testcase classname="backend.tests.test_iteration8.TestAdvertiserCancel" name="test_non_owner_returns_404" time="0.615" /><testcase classname="backend.tests.test_iteration8.TestAdvertiserCancel" name="test_nonexistent_campaign_returns_404" time="0.131" /><testcase classname="backend.tests.test_iteration8.TestAdvertiserCancel" name="test_owner_cancel_success_and_idempotent" time="1.135" /><testcase classname="backend.tests.test_iteration8.TestRegression" name="test_get_campaign_by_id" time="0.591" /><testcase classname="backend.tests.test_iteration8.TestRegression" name="test_get_posts" time="0.200" /><testcase classname="backend.tests.test_iteration8.TestRegression" name="test_vote_on_post" time="0.481" /><testcase classname="backend.tests.test_iteration9.TestAdminTiersAuth" name="test_get_admin_tiers_no_auth" time="0.124" /><testcase classname="backend.tests.test_iteration9.TestAdminTiersAuth" name="test_get_admin_tiers_user_forbidden" time="0.133" /><testcase classname="backend.tests.test_iteration9.TestAdminTiersAuth" name="test_get_admin_tiers_admin_ok" time="0.123" /><testcase classname="backend.tests.test_iteration9.TestAdminTiersUpdate" name="test_update_local_tier" time="0.243" /><testcase classname="backend.tests.test_iteration9.TestAdminTiersValidation" name="test_amount_too_low" time="0.116" /><testcase classname="backend.tests.test_iteration9.TestAdminTiersValidation" name="test_amount_too_high" time="0.121" /><testcase classname="backend.tests.test_iteration9.TestAdminTiersValidation" name="test_votes_too_low" time="0.103" /><testcase classname="backend.tests.test_iteration9.TestAdminTiersValidation" name="test_unknown_tier_key" time="0.122" /><testcase classname="backend.tests.test_iteration9.TestAdminTiersReset" name="test_reset_local" time="0.348" /><testcase classname="backend.tests.test_iteration9.TestPublicTiersHonorsOverrides" name="test_public_tiers_reflects_override" time="0.354" /><testcase classname="backend.tests.test_iteration9.TestConcurrentOverrides" name="test_two_tiers_overridden_simultaneously" time="1.001" /><testcase classname="backend.tests.test_iteration9.TestAuthSessionRace" name="test_invalid_session_returns_401_not_500" time="0.220" /><testcase classname="backend.tests.test_iteration9.TestZipDownload" name="test_zip_endpoint" time="0.139" /><testcase classname="backend.tests.test_iteration9.TestRegression" name="test_posts_public" time="0.322" /><testcase classname="backend.tests.test_iteration9.TestRegression" name="test_auth_me" time="0.114" /><testcase classname="backend.tests.test_iteration9.TestRegression" name="test_root" time="0.164" /></testsuite></testsuites>