<?xml version="1.0" encoding="utf-8"?><testsuites name="pytest tests"><testsuite name="pytest" errors="0" failures="0" skipped="0" tests="37" time="4.631" timestamp="2026-05-31T17:28:58.292428+00:00" hostname="agent-env-48206dcc-4ba9-443b-8b55-402d55de0fd1"><testcase classname="backend.tests.test_iteration7.TestModerationUnit" name="test_allowed_words[PIZZA]" time="0.001" /><testcase classname="backend.tests.test_iteration7.TestModerationUnit" name="test_allowed_words[design]" time="0.000" /><testcase classname="backend.tests.test_iteration7.TestModerationUnit" name="test_allowed_words[lan\xe7amento]" time="0.003" /><testcase classname="backend.tests.test_iteration7.TestModerationUnit" name="test_allowed_words[child]" time="0.000" /><testcase classname="backend.tests.test_iteration7.TestModerationUnit" name="test_allowed_words[matar]" time="0.000" /><testcase classname="backend.tests.test_iteration7.TestModerationUnit" name="test_allowed_words[campeoes]" time="0.000" /><testcase classname="backend.tests.test_iteration7.TestModerationUnit" name="test_allowed_words[PROJETO]" time="0.000" /><testcase classname="backend.tests.test_iteration7.TestModerationUnit" name="test_blocked_words[fdp]" time="0.000" /><testcase classname="backend.tests.test_iteration7.TestModerationUnit" name="test_blocked_words[FDP]" time="0.000" /><testcase classname="backend.tests.test_iteration7.TestModerationUnit" name="test_blocked_words[puta]" time="0.000" /><testcase classname="backend.tests.test_iteration7.TestModerationUnit" name="test_blocked_words[PuTaRiA]" time="0.000" /><testcase classname="backend.tests.test_iteration7.TestModerationUnit" name="test_blocked_words[PORNOOO]" time="0.000" /><testcase classname="backend.tests.test_iteration7.TestModerationUnit" name="test_blocked_words[NIGGER]" time="0.000" /><testcase classname="backend.tests.test_iteration7.TestModerationUnit" name="test_blocked_words[pedofilo]" time="0.000" /><testcase classname="backend.tests.test_iteration7.TestModerationUnit" name="test_blocked_words[rape]" time="0.000" /><testcase classname="backend.tests.test_iteration7.TestModerationEndpoints" name="test_post_create_blocked_word" time="0.474" /><testcase classname="backend.tests.test_iteration7.TestModerationEndpoints" name="test_post_create_with_blocked_word" time="0.147" /><testcase classname="backend.tests.test_iteration7.TestModerationEndpoints" name="test_campaign_blocked_word" time="0.136" /><testcase classname="backend.tests.test_iteration7.TestModerationEndpoints" name="test_post_clean_word_allowed" time="0.155" /><testcase classname="backend.tests.test_iteration7.TestAgeGate" name="test_no_auth_returns_401" time="0.117" /><testcase classname="backend.tests.test_iteration7.TestAgeGate" name="test_underage_blocks_and_kills_sessions" time="0.204" /><testcase classname="backend.tests.test_iteration7.TestAgeGate" name="test_valid_birth_year_success" time="0.266" /><testcase classname="backend.tests.test_iteration7.TestAgeGate" name="test_invalid_birth_year[1700]" time="0.109" /><testcase classname="backend.tests.test_iteration7.TestAgeGate" name="test_invalid_birth_year[3000]" time="0.107" /><testcase classname="backend.tests.test_iteration7.TestStripeWebhook" name="test_secret_missing_returns_503" time="0.099" /><testcase classname="backend.tests.test_iteration7.TestStripeWebhook" name="test_route_exists" time="0.073" /><testcase classname="backend.tests.test_iteration7.TestAdminModeration" name="test_queue_requires_auth" time="0.596" /><testcase classname="backend.tests.test_iteration7.TestAdminModeration" name="test_queue_admin_ok" time="0.115" /><testcase classname="backend.tests.test_iteration7.TestAdminModeration" name="test_queue_filters[pending]" time="0.115" /><testcase classname="backend.tests.test_iteration7.TestAdminModeration" name="test_queue_filters[hidden]" time="0.167" /><testcase classname="backend.tests.test_iteration7.TestAdminModeration" name="test_queue_filters[all]" time="0.183" /><testcase classname="backend.tests.test_iteration7.TestAdminModeration" name="test_hide_restore_delete_flow" time="0.480" /><testcase classname="backend.tests.test_iteration7.TestAdminModeration" name="test_invalid_action" time="0.248" /><testcase classname="backend.tests.test_iteration7.TestRegression" name="test_get_posts" time="0.281" /><testcase classname="backend.tests.test_iteration7.TestRegression" name="test_get_tiers" time="0.143" /><testcase classname="backend.tests.test_iteration7.TestRegression" name="test_auth_me" time="0.116" /><testcase classname="backend.tests.test_iteration7.TestRegression" name="test_vote" time="0.244" /></testsuite></testsuites>