<?xml version="1.0" encoding="utf-8"?><testsuites name="pytest tests"><testsuite name="pytest" errors="0" failures="0" skipped="0" tests="23" time="1.014" timestamp="2026-05-31T15:34:07.696433+00:00" hostname="agent-env-48206dcc-4ba9-443b-8b55-402d55de0fd1"><testcase classname="backend.tests.test_iteration5.TestCrossedMilestones" name="test_crosses_50" time="0.000" /><testcase classname="backend.tests.test_iteration5.TestCrossedMilestones" name="test_no_progress" time="0.000" /><testcase classname="backend.tests.test_iteration5.TestCrossedMilestones" name="test_crosses_75_and_100" time="0.000" /><testcase classname="backend.tests.test_iteration5.TestCrossedMilestones" name="test_crosses_all_three" time="0.000" /><testcase classname="backend.tests.test_iteration5.TestCrossedMilestones" name="test_crosses_50_and_75" time="0.000" /><testcase classname="backend.tests.test_iteration5.TestCrossedMilestones" name="test_zero_target_returns_empty" time="0.000" /><testcase classname="backend.tests.test_iteration5.TestCrossedMilestones" name="test_negative_target_returns_empty" time="0.000" /><testcase classname="backend.tests.test_iteration5.TestCrossedMilestones" name="test_milestones_constant_is_50_75_100" time="0.000" /><testcase classname="backend.tests.test_iteration5.TestEmailContent" name="test_subject_50" time="0.000" /><testcase classname="backend.tests.test_iteration5.TestEmailContent" name="test_subject_100" time="0.000" /><testcase classname="backend.tests.test_iteration5.TestEmailContent" name="test_html_contains_required_fields" time="0.000" /><testcase classname="backend.tests.test_iteration5.TestEmailContent" name="test_html_100_uses_meta_alcancada_headline" time="0.000" /><testcase classname="backend.tests.test_iteration5.TestResendConfig" name="test_configured" time="0.000" /><testcase classname="backend.tests.test_iteration5.TestResendConfig" name="test_resend_api_key_env_present" time="0.000" /><testcase classname="backend.tests.test_iteration5.TestResendConfig" name="test_no_recipient_returns_none_without_send" time="0.000" /><testcase classname="backend.tests.test_iteration5.TestMilestoneIdempotency" name="test_already_sent_50_is_filtered" time="0.000" /><testcase classname="backend.tests.test_iteration5.TestMilestoneIdempotency" name="test_partial_overlap_keeps_unsent" time="0.000" /><testcase classname="backend.tests.test_iteration5.TestMilestoneIdempotency" name="test_all_unsent" time="0.000" /><testcase classname="backend.tests.test_iteration5.TestCampaignReportGeoPoints" name="test_report_returns_200_with_geo_points" time="0.147" /><testcase classname="backend.tests.test_iteration5.TestCampaignReportGeoPoints" name="test_report_preserves_existing_fields" time="0.058" /><testcase classname="backend.tests.test_iteration5.TestCampaignReportGeoPoints" name="test_report_geo_points_capped_or_listed" time="0.060" /><testcase classname="backend.tests.test_iteration5.TestVoteRegressionOrganic" name="test_organic_vote_does_not_break" time="0.327" /><testcase classname="backend.tests.test_iteration5.TestMilestoneSendIntegration" name="test_crossing_50_marks_milestone" time="0.329" /></testsuite></testsuites>