<?xml version="1.0" encoding="utf-8"?><testsuites name="pytest tests"><testsuite name="pytest" errors="0" failures="0" skipped="0" tests="25" time="6.141" timestamp="2026-06-01T12:02:42.109665+00:00" hostname="agent-env-48206dcc-4ba9-443b-8b55-402d55de0fd1"><testcase classname="backend.tests.test_iteration11.TestNotifications" name="test_list_requires_auth" time="0.206" /><testcase classname="backend.tests.test_iteration11.TestNotifications" name="test_unread_count_requires_auth" time="0.129" /><testcase classname="backend.tests.test_iteration11.TestNotifications" name="test_mark_read_requires_auth" time="0.139" /><testcase classname="backend.tests.test_iteration11.TestNotifications" name="test_read_all_requires_auth" time="0.102" /><testcase classname="backend.tests.test_iteration11.TestNotifications" name="test_empty_list_for_new_user" time="0.156" /><testcase classname="backend.tests.test_iteration11.TestNotifications" name="test_insert_and_list_increments_unread" time="0.342" /><testcase classname="backend.tests.test_iteration11.TestNotifications" name="test_mark_single_read" time="0.300" /><testcase classname="backend.tests.test_iteration11.TestNotifications" name="test_read_all" time="0.318" /><testcase classname="backend.tests.test_iteration11.TestDashboard" name="test_requires_auth" time="0.180" /><testcase classname="backend.tests.test_iteration11.TestDashboard" name="test_returns_aggregate_shape" time="0.118" /><testcase classname="backend.tests.test_iteration11.TestShareLink" name="test_create_requires_auth" time="0.198" /><testcase classname="backend.tests.test_iteration11.TestShareLink" name="test_create_as_owner" time="0.104" /><testcase classname="backend.tests.test_iteration11.TestShareLink" name="test_public_read_no_auth" time="0.330" /><testcase classname="backend.tests.test_iteration11.TestShareLink" name="test_invalid_token_404" time="0.099" /><testcase classname="backend.tests.test_iteration11.TestShareLink" name="test_expired_token_410" time="0.249" /><testcase classname="backend.tests.test_iteration11.TestShareLink" name="test_non_owner_cannot_create" time="0.122" /><testcase classname="backend.tests.test_iteration11.TestPDFReport" name="test_requires_auth" time="0.129" /><testcase classname="backend.tests.test_iteration11.TestPDFReport" name="test_owner_pdf_ok" time="0.646" /><testcase classname="backend.tests.test_iteration11.TestPDFReport" name="test_non_existent_404" time="0.118" /><testcase classname="backend.tests.test_iteration11.TestPDFReport" name="test_non_owner_404" time="0.183" /><testcase classname="backend.tests.test_iteration11.TestMilestoneHook" name="test_50_pct_creates_notification" time="1.164" /><testcase classname="backend.tests.test_iteration11.TestRegressionSmoke" name="test_get_posts" time="0.312" /><testcase classname="backend.tests.test_iteration11.TestRegressionSmoke" name="test_auth_me_with_token" time="0.188" /><testcase classname="backend.tests.test_iteration11.TestRegressionSmoke" name="test_business_tiers_public" time="0.110" /><testcase classname="backend.tests.test_iteration11.TestRegressionSmoke" name="test_download_zip" time="0.140" /></testsuite></testsuites>