<?xml version="1.0" encoding="utf-8"?><testsuites name="pytest tests"><testsuite name="pytest" errors="0" failures="0" skipped="0" tests="70" time="7.362" timestamp="2026-05-31T14:30:44.902406+00:00" hostname="agent-env-48206dcc-4ba9-443b-8b55-402d55de0fd1"><testcase classname="backend.tests.test_besord_api.TestHealth" name="test_root_ok" time="0.178" /><testcase classname="backend.tests.test_besord_api.TestAuthUnauth" name="test_session_invalid_id" time="0.136" /><testcase classname="backend.tests.test_besord_api.TestAuthUnauth" name="test_me_no_header" time="0.056" /><testcase classname="backend.tests.test_besord_api.TestAuthUnauth" name="test_me_invalid_token" time="0.060" /><testcase classname="backend.tests.test_besord_api.TestAuthUnauth" name="test_logout_no_auth_ok" time="0.049" /><testcase classname="backend.tests.test_besord_api.TestAuthUnauth" name="test_list_posts_public" time="0.090" /><testcase classname="backend.tests.test_besord_api.TestAuthUnauth" name="test_create_post_requires_auth" time="0.053" /><testcase classname="backend.tests.test_besord_api.TestAuthUnauth" name="test_vote_requires_auth" time="0.051" /><testcase classname="backend.tests.test_besord_api.TestAuthUnauth" name="test_delete_requires_auth" time="0.052" /><testcase classname="backend.tests.test_besord_api.TestAuthenticatedFlow" name="test_me_with_seeded_token" time="0.055" /><testcase classname="backend.tests.test_besord_api.TestAuthenticatedFlow" name="test_create_post_and_persist" time="0.126" /><testcase classname="backend.tests.test_besord_api.TestAuthenticatedFlow" name="test_vote_aprovo_increments" time="0.074" /><testcase classname="backend.tests.test_besord_api.TestAuthenticatedFlow" name="test_vote_toggle_off" time="0.053" /><testcase classname="backend.tests.test_besord_api.TestAuthenticatedFlow" name="test_vote_switch_to_desaprovo" time="0.103" /><testcase classname="backend.tests.test_besord_api.TestAuthenticatedFlow" name="test_delete_post" time="0.075" /><testcase classname="backend.tests.test_besord_api.TestAuthenticatedFlow" name="test_delete_other_user_post_forbidden" time="0.053" /><testcase classname="backend.tests.test_besord_api.TestAuthenticatedFlow" name="test_vote_nonexistent_post" time="0.057" /><testcase classname="backend.tests.test_besord_api.TestValidation" name="test_word_with_space_rejected" time="0.051" /><testcase classname="backend.tests.test_besord_api.TestValidation" name="test_word_special_char_rejected" time="0.048" /><testcase classname="backend.tests.test_besord_api.TestValidation" name="test_word_too_long_rejected" time="0.068" /><testcase classname="backend.tests.test_besord_api.TestValidation" name="test_word_letters_numbers_accepted" time="0.051" /><testcase classname="backend.tests.test_besord_api.TestValidation" name="test_image_too_short_rejected" time="0.066" /><testcase classname="backend.tests.test_besord_api.TestValidation" name="test_image_empty_rejected" time="0.056" /><testcase classname="backend.tests.test_besord_api.TestLogoutFlow" name="test_logout_invalidates_session" time="0.160" /><testcase classname="backend.tests.test_besord_v2.TestRootAndTiers" name="test_root_version_2" time="0.044" /><testcase classname="backend.tests.test_besord_v2.TestRootAndTiers" name="test_tiers_returns_four" time="0.046" /><testcase classname="backend.tests.test_besord_v2.TestAuthRegression" name="test_me_and_post_flow" time="0.156" /><testcase classname="backend.tests.test_besord_v2.TestBusinessProfile" name="test_create_profile_requires_auth" time="0.051" /><testcase classname="backend.tests.test_besord_v2.TestBusinessProfile" name="test_create_profile_and_has_business" time="0.152" /><testcase classname="backend.tests.test_besord_v2.TestCampaignCreate" name="test_invalid_tier_rejected" time="0.090" /><testcase classname="backend.tests.test_besord_v2.TestCampaignCreate" name="test_national_requires_country" time="0.047" /><testcase classname="backend.tests.test_besord_v2.TestCampaignCreate" name="test_regional_requires_region" time="0.063" /><testcase classname="backend.tests.test_besord_v2.TestCampaignCreate" name="test_local_requires_city" time="0.057" /><testcase classname="backend.tests.test_besord_v2.TestCampaignCreate" name="test_create_global_campaign_stripe" time="0.435" /><testcase classname="backend.tests.test_besord_v2.TestCampaignRead" name="test_list_campaigns" time="0.049" /><testcase classname="backend.tests.test_besord_v2.TestCampaignRead" name="test_get_one_campaign" time="0.057" /><testcase classname="backend.tests.test_besord_v2.TestCampaignRead" name="test_get_nonexistent_campaign" time="0.054" /><testcase classname="backend.tests.test_besord_v2.TestCampaignRead" name="test_check_payment_does_not_crash" time="0.212" /><testcase classname="backend.tests.test_besord_v2.TestCampaignRead" name="test_report_404_when_no_post" time="0.048" /><testcase classname="backend.tests.test_besord_v2.TestAppleSignIn" name="test_apple_missing_identifier" time="0.054" /><testcase classname="backend.tests.test_besord_v2.TestAppleSignIn" name="test_apple_creates_user_and_session" time="0.148" /><testcase classname="backend.tests.test_besord_v2.TestSponsoredFeedAndGeo" name="test_feed_excludes_sponsored_from_organic_but_injects" time="0.094" /><testcase classname="backend.tests.test_besord_v2.TestSponsoredFeedAndGeo" name="test_vote_stores_geo" time="0.058" /><testcase classname="backend.tests.test_besord_v2.TestSponsoredFeedAndGeo" name="test_campaign_report_with_geo_aggregation" time="0.080" /><testcase classname="backend.tests.test_besord_v2.TestGeoEndpoint" name="test_geo_me_runs" time="0.051" /><testcase classname="backend.tests.test_besord_v3.TestWhoAmI" name="test_unauth" time="0.051" /><testcase classname="backend.tests.test_besord_v3.TestWhoAmI" name="test_regular_user" time="0.058" /><testcase classname="backend.tests.test_besord_v3.TestWhoAmI" name="test_admin_user" time="0.058" /><testcase classname="backend.tests.test_besord_v3.TestPromoValidate" name="test_valid_50_off" time="0.052" /><testcase classname="backend.tests.test_besord_v3.TestPromoValidate" name="test_valid_20_off_regional" time="0.068" /><testcase classname="backend.tests.test_besord_v3.TestPromoValidate" name="test_invalid_code_404" time="0.051" /><testcase classname="backend.tests.test_besord_v3.TestPromoValidate" name="test_invalid_tier_400" time="0.055" /><testcase classname="backend.tests.test_besord_v3.TestPromoValidate" name="test_case_insensitive" time="0.055" /><testcase classname="backend.tests.test_besord_v3.TestStripeRealCheckout" name="test_create_global_real_stripe_session" time="0.471" /><testcase classname="backend.tests.test_besord_v3.TestStripeRealCheckout" name="test_check_payment_pending_does_not_crash" time="0.267" /><testcase classname="backend.tests.test_besord_v3.TestStripeRealCheckout" name="test_create_local_with_promo_50" time="0.480" /><testcase classname="backend.tests.test_besord_v3.TestStripeRealCheckout" name="test_create_with_invalid_promo_400" time="0.049" /><testcase classname="backend.tests.test_besord_v3.TestAdminGating" name="test_overview_admin_200" time="0.103" /><testcase classname="backend.tests.test_besord_v3.TestAdminGating" name="test_overview_non_admin_403" time="0.095" /><testcase classname="backend.tests.test_besord_v3.TestAdminGating" name="test_overview_unauth_401" time="0.048" /><testcase classname="backend.tests.test_besord_v3.TestAdminGating" name="test_advertisers_gated" time="0.100" /><testcase classname="backend.tests.test_besord_v3.TestAdminGating" name="test_campaigns_admin_gated" time="0.100" /><testcase classname="backend.tests.test_besord_v3.TestAdminGating" name="test_promos_admin_gated" time="0.106" /><testcase classname="backend.tests.test_besord_v3.TestAdminGating" name="test_admin_create_and_delete_promo" time="0.192" /><testcase classname="backend.tests.test_besord_v3.TestPostDelete" name="test_owner_can_delete_organic" time="0.106" /><testcase classname="backend.tests.test_besord_v3.TestPostDelete" name="test_non_owner_cannot_delete" time="0.149" /><testcase classname="backend.tests.test_besord_v3.TestPostDelete" name="test_sponsored_cannot_be_deleted" time="0.079" /><testcase classname="backend.tests.test_besord_v3.TestPostDelete" name="test_delete_nonexistent_404" time="0.117" /><testcase classname="backend.tests.test_besord_v3.TestFeedFiltersRegression" name="test_word_filter" time="0.303" /><testcase classname="backend.tests.test_besord_v3.TestFeedFiltersRegression" name="test_trending_sort_works" time="0.181" /></testsuite></testsuites>