<?xml version="1.0" encoding="utf-8"?><testsuites name="pytest tests"><testsuite name="pytest" errors="0" failures="0" skipped="0" tests="10" time="1.584" timestamp="2026-05-31T15:12:27.059846+00:00" hostname="agent-env-48206dcc-4ba9-443b-8b55-402d55de0fd1"><testcase classname="backend.tests.test_iteration4.TestAuthMe" name="test_me_authenticated" time="0.246" /><testcase classname="backend.tests.test_iteration4.TestAuthMe" name="test_me_unauth" time="0.048" /><testcase classname="backend.tests.test_iteration4.TestFeedSort" name="test_recent_sort" time="0.221" /><testcase classname="backend.tests.test_iteration4.TestFeedSort" name="test_trending_sort" time="0.076" /><testcase classname="backend.tests.test_iteration4.TestDeletePost" name="test_author_can_delete" time="0.100" /><testcase classname="backend.tests.test_iteration4.TestDeletePost" name="test_non_author_403" time="0.160" /><testcase classname="backend.tests.test_iteration4.TestDeletePost" name="test_missing_404" time="0.050" /><testcase classname="backend.tests.test_iteration4.TestCommentUpsert" name="test_double_comment_updates_and_does_not_increment_count" time="0.213" /><testcase classname="backend.tests.test_iteration4.TestCommentUpsert" name="test_delete_comment_decrements_count" time="0.219" /><testcase classname="backend.tests.test_iteration4.TestVote" name="test_vote_aprovo_and_toggle" time="0.221" /></testsuite></testsuites>