<?xml version="1.0" encoding="utf-8"?><testsuites name="pytest tests"><testsuite name="pytest" errors="0" failures="0" skipped="0" tests="7" time="3.775" timestamp="2026-05-31T17:46:10.881421+00:00" hostname="agent-env-48206dcc-4ba9-443b-8b55-402d55de0fd1"><testcase classname="backend.tests.test_iteration8.TestAdvertiserCancel" name="test_no_auth_returns_401" time="0.895" /><testcase classname="backend.tests.test_iteration8.TestAdvertiserCancel" name="test_non_owner_returns_404" time="0.561" /><testcase classname="backend.tests.test_iteration8.TestAdvertiserCancel" name="test_nonexistent_campaign_returns_404" time="0.118" /><testcase classname="backend.tests.test_iteration8.TestAdvertiserCancel" name="test_owner_cancel_success_and_idempotent" time="1.126" /><testcase classname="backend.tests.test_iteration8.TestRegression" name="test_get_campaign_by_id" time="0.556" /><testcase classname="backend.tests.test_iteration8.TestRegression" name="test_get_posts" time="0.275" /><testcase classname="backend.tests.test_iteration8.TestRegression" name="test_vote_on_post" time="0.215" /></testsuite></testsuites>